Сборка начата 30.09.2015 8:59:00.
     1>Проект "C:\Study\ИиП\Programs\MainGame\MapGenerator1\MapGenerator1\MapGenerator1.vcxproj" в узле 2 (целевые объекты Rebuild).
     1>C:\Program Files (x86)\MSBuild\Microsoft.Cpp\v4.0\V140\Microsoft.CppClean.targets(76,5): warning : Отказано в доступе по пути "c:\study\иип\programs\maingame\mapgenerator1\debug\mapgenerator1.exe".
     1>ClCompile:
         C:\Program Files (x86)\Microsoft Visual Studio 14.0\VC\bin\CL.exe /c /ZI /nologo /W3 /WX- /sdl /Od /Oy- /D WIN32 /D _DEBUG /D _CONSOLE /D _UNICODE /D UNICODE /Gm /EHsc /RTC1 /MDd /GS /fp:precise /Zc:wchar_t /Zc:forScope /Zc:inline /Yc"stdafx.h" /Fp"Debug\MapGenerator1.pch" /Fo"Debug\\" /Fd"Debug\vc140.pdb" /Gd /TP /analyze- /errorReport:prompt stdafx.cpp
         stdafx.cpp
         C:\Program Files (x86)\Microsoft Visual Studio 14.0\VC\bin\CL.exe /c /ZI /nologo /W3 /WX- /sdl /Od /Oy- /D WIN32 /D _DEBUG /D _CONSOLE /D _UNICODE /D UNICODE /Gm /EHsc /RTC1 /MDd /GS /fp:precise /Zc:wchar_t /Zc:forScope /Zc:inline /Yu"stdafx.h" /Fp"Debug\MapGenerator1.pch" /Fo"Debug\\" /Fd"Debug\vc140.pdb" /Gd /TP /analyze- /errorReport:prompt MapGenerator1.cpp
         MapGenerator1.cpp
     1>c:\study\иип\programs\maingame\mapgenerator1\mapgenerator1\mapgenerator1.cpp(22): warning C4477: 'printf' : format string '%s' requires an argument of type 'char *', but variadic argument 1 has type 'wchar_t *'
         c:\study\иип\programs\maingame\mapgenerator1\mapgenerator1\mapgenerator1.cpp(22): note: consider using '%ls' in the format string
         c:\study\иип\programs\maingame\mapgenerator1\mapgenerator1\mapgenerator1.cpp(22): note: consider using '%lls' in the format string
         c:\study\иип\programs\maingame\mapgenerator1\mapgenerator1\mapgenerator1.cpp(22): note: consider using '%Ls' in the format string
         c:\study\иип\programs\maingame\mapgenerator1\mapgenerator1\mapgenerator1.cpp(22): note: consider using '%ws' in the format string
     1>c:\study\иип\programs\maingame\mapgenerator1\mapgenerator1\mapgenerator1.cpp(17): warning C4101: buff: неиспользованная локальная переменная
       Link:
         C:\Program Files (x86)\Microsoft Visual Studio 14.0\VC\bin\link.exe /ERRORREPORT:PROMPT /OUT:"C:\Study\ИиП\Programs\MainGame\MapGenerator1\Debug\MapGenerator1.exe" /INCREMENTAL /NOLOGO kernel32.lib user32.lib gdi32.lib winspool.lib comdlg32.lib advapi32.lib shell32.lib ole32.lib oleaut32.lib uuid.lib odbc32.lib odbccp32.lib /MANIFEST /MANIFESTUAC:"level='asInvoker' uiAccess='false'" /manifest:embed /Debug /PDB:"C:\Study\ИиП\Programs\MainGame\MapGenerator1\Debug\MapGenerator1.pdb" /SUBSYSTEM:CONSOLE /TLBID:1 /DYNAMICBASE /NXCOMPAT /IMPLIB:"C:\Study\ИиП\Programs\MainGame\MapGenerator1\Debug\MapGenerator1.lib" /MACHINE:X86 Debug\MapGenerator1.obj
         Debug\stdafx.obj
     1>LINK : fatal error LNK1104: не удается открыть файл "C:\Study\ИиП\Programs\MainGame\MapGenerator1\Debug\MapGenerator1.exe"
     1>Сборка проекта "C:\Study\ИиП\Programs\MainGame\MapGenerator1\MapGenerator1\MapGenerator1.vcxproj" завершена (целевые объекты Rebuild) с ошибкой.

Ошибка сборки.

Затраченное время: 00:00:00.61
