c:\study\maingame\maingame\x64\debug\vc140.pdb
c:\study\maingame\maingame\x64\debug\vc140.idb
c:\study\maingame\maingame\x64\debug\enemy.obj
c:\study\maingame\maingame\x64\debug\entity.obj
c:\study\maingame\maingame\x64\debug\font.obj
c:\study\maingame\maingame\x64\debug\game.obj
c:\study\maingame\maingame\x64\debug\gui.obj
c:\study\maingame\maingame\x64\debug\items.obj
c:\study\maingame\maingame\x64\debug\main.obj
c:\study\maingame\maingame\x64\debug\mainperson.obj
c:\study\maingame\maingame\x64\debug\map.obj
c:\study\maingame\maingame\x64\debug\mymath.obj
c:\study\maingame\maingame\x64\debug\sound.obj
c:\study\maingame\maingame\x64\debug\typeenemy.obj
c:\study\maingame\maingame\x64\debug\typeitem.obj
c:\study\maingame\maingame\x64\debug\typeunlifeobject.obj
c:\study\maingame\maingame\x64\debug\unlifeobject.obj
c:\study\maingame\maingame\x64\debug\maingamev1-2-1.ilk
c:\study\maingame\maingame\x64\debug\maingamev1-2-1.exe
c:\study\maingame\maingame\x64\debug\maingamev1-2-1.pdb
c:\study\maingame\project\x64\debug\enemy.obj
c:\study\maingame\project\x64\debug\entity.obj
c:\study\maingame\project\x64\debug\font.obj
c:\study\maingame\project\x64\debug\game.obj
c:\study\maingame\project\x64\debug\gui.obj
c:\study\maingame\project\x64\debug\items.obj
c:\study\maingame\project\x64\debug\main.obj
c:\study\maingame\project\x64\debug\mainperson.obj
c:\study\maingame\project\x64\debug\map.obj
c:\study\maingame\project\x64\debug\mymath.obj
c:\study\maingame\project\x64\debug\sound.obj
c:\study\maingame\project\x64\debug\typeenemy.obj
c:\study\maingame\project\x64\debug\typeitem.obj
c:\study\maingame\project\x64\debug\typeunlifeobject.obj
c:\study\maingame\project\x64\debug\unlifeobject.obj
c:\study\maingame\project\x64\debug\maingamev1-2-1.ilk
c:\study\maingame\project\x64\debug\vc140.idb
c:\study\maingame\project\x64\debug\maingamev1-2-1.pdb
c:\study\maingame\project\x64\debug\vc140.pdb
c:\study\maingame\project\x64\debug\maingamev1-2-1.exe
c:\study\maingame\project\x64\debug\maingamev1-2-1.tlog\cl.command.1.tlog
c:\study\maingame\project\x64\debug\maingamev1-2-1.tlog\cl.read.1.tlog
c:\study\maingame\project\x64\debug\maingamev1-2-1.tlog\cl.write.1.tlog
c:\study\maingame\project\x64\debug\maingamev1-2-1.tlog\link.command.1.tlog
c:\study\maingame\project\x64\debug\maingamev1-2-1.tlog\link.read.1.tlog
c:\study\maingame\project\x64\debug\maingamev1-2-1.tlog\link.write.1.tlog
