Сборка начата 31.10.2015 13:14:16.
     1>Проект "c:\Study\MainGame\Project\MainGameV1-1-0.vcxproj" в узле 2 (целевые объекты Build).
     1>ClCompile:
         C:\Program Files (x86)\Microsoft Visual Studio 14.0\VC\bin\x86_amd64\CL.exe /c /IC:\SFML\include /ZI /nologo /W3 /WX- /sdl /Od /D _MBCS /Gm /EHsc /RTC1 /MDd /GS /fp:precise /Zc:wchar_t /Zc:forScope /Zc:inline /Fo"x64\Debug\\" /Fd"x64\Debug\vc140.pdb" /Gd /TP /errorReport:prompt TypeUnlifeObject.cpp
         TypeUnlifeObject.cpp
     1>c:\study\maingame\project\globalvar.h(33): warning C4305: инициализация: усечение из "double" к "float"
     1>c:\study\maingame\project\globalvar.h(34): warning C4305: инициализация: усечение из "double" к "float"
       Link:
         C:\Program Files (x86)\Microsoft Visual Studio 14.0\VC\bin\x86_amd64\link.exe /ERRORREPORT:PROMPT /OUT:"C:\Study\MainGame\Project\x64\Debug\MainGameV1-2-1.exe" /INCREMENTAL /NOLOGO /LIBPATH:C:\SFML\lib "sfml-audio-d.lib" "sfml-graphics-d.lib" "sfml-network-d.lib" "sfml-system-d.lib" "sfml-window-d.lib" kernel32.lib user32.lib gdi32.lib winspool.lib comdlg32.lib advapi32.lib shell32.lib ole32.lib oleaut32.lib uuid.lib odbc32.lib odbccp32.lib /MANIFEST /MANIFESTUAC:"level='asInvoker' uiAccess='false'" /manifest:embed /Debug /PDB:"C:\Study\MainGame\Project\x64\Debug\MainGameV1-2-1.pdb" /TLBID:1 /DYNAMICBASE /NXCOMPAT /IMPLIB:"C:\Study\MainGame\Project\x64\Debug\MainGameV1-2-1.lib" /MACHINE:X64 x64\Debug\Enemy.obj
         x64\Debug\Entity.obj
         x64\Debug\Font.obj
         x64\Debug\Game.obj
         x64\Debug\GUI.obj
         x64\Debug\Items.obj
         x64\Debug\main.obj
         x64\Debug\MainPerson.obj
         x64\Debug\Map.obj
         x64\Debug\MyMath.obj
         x64\Debug\Sound.obj
         x64\Debug\TypeEnemy.obj
         x64\Debug\TypeItem.obj
         x64\Debug\TypeUnlifeObject.obj
         x64\Debug\UnlifeObject.obj
         MainGameV1-1-0.vcxproj -> C:\Study\MainGame\Project\x64\Debug\MainGameV1-2-1.exe
     1>Сборка проекта "c:\Study\MainGame\Project\MainGameV1-1-0.vcxproj" завершена (целевые объекты Build).

Сборка успешно завершена.

Затраченное время: 00:00:01.29
